[debug] [2023-11-09T12:17:47.249Z] ----------------------------------------------------------------------
[debug] [2023-11-09T12:17:47.257Z] Command:       C:\Program Files\nodejs\node.exe C:\Users\ADMIN\AppData\Roaming\npm\node_modules\firebase-tools\lib\bin\firebase.js init
[debug] [2023-11-09T12:17:47.259Z] CLI Version:   12.8.1
[debug] [2023-11-09T12:17:47.260Z] Platform:      win32
[debug] [2023-11-09T12:17:47.260Z] Node Version:  v18.17.1
[debug] [2023-11-09T12:17:47.262Z] Time:          Thu Nov 09 2023 13:17:47 GMT+0100 (West Africa Standard Time)
[debug] [2023-11-09T12:17:47.262Z] ----------------------------------------------------------------------
[debug] 
[debug] [2023-11-09T12:17:47.299Z] > command requires scopes: ["email","openid","https://www.googleapis.com/auth/cloudplatformprojects.readonly","https://www.googleapis.com/auth/firebase","https://www.googleapis.com/auth/cloud-platform"]
[debug] [2023-11-09T12:17:47.304Z] > authorizing via signed-in user (geethatcher@gmail.com)
[info] 
     ######## #### ########  ######## ########     ###     ######  ########
     ##        ##  ##     ## ##       ##     ##  ##   ##  ##       ##
     ######    ##  ########  ######   ########  #########  ######  ######
     ##        ##  ##    ##  ##       ##     ## ##     ##       ## ##
     ##       #### ##     ## ######## ########  ##     ##  ######  ########

You're about to initialize a Firebase project in this directory:

  C:\Users\ADMIN\crowdcare-app

[info] 
=== Project Setup
[info] 
[info] First, let's associate this project directory with a Firebase project.
[info] You can create multiple project aliases by running firebase use --add, 
[info] but for now we'll just set up a default project.
[info] 
[debug] [2023-11-09T12:18:50.048Z] > refreshing access token with scopes: []
[debug] [2023-11-09T12:18:50.053Z] >>> [apiv2][query] POST https://www.googleapis.com/oauth2/v3/token [none]
[debug] [2023-11-09T12:18:50.053Z] >>> [apiv2][body] POST https://www.googleapis.com/oauth2/v3/token [omitted]
[debug] [2023-11-09T12:18:51.521Z] <<< [apiv2][status] POST https://www.googleapis.com/oauth2/v3/token 200
[debug] [2023-11-09T12:18:51.521Z] <<< [apiv2][body] POST https://www.googleapis.com/oauth2/v3/token [omitted]
[debug] [2023-11-09T12:18:51.666Z] >>> [apiv2][query] GET https://firebase.googleapis.com/v1beta1/projects pageSize=100
[debug] [2023-11-09T12:18:53.166Z] <<< [apiv2][status] GET https://firebase.googleapis.com/v1beta1/projects 200
[debug] [2023-11-09T12:18:53.166Z] <<< [apiv2][body] GET https://firebase.googleapis.com/v1beta1/projects [omitted]
[info] i  Using project crowd-care (crowd-care) 
[info] 
=== Database Setup
[info] i  database: ensuring required API firebasedatabase.googleapis.com is enabled... 
[debug] [2023-11-09T12:18:55.940Z] >>> [apiv2][query] GET https://serviceusage.googleapis.com/v1/projects/crowd-care/services/firebasedatabase.googleapis.com [none]
[debug] [2023-11-09T12:18:55.941Z] >>> [apiv2][(partial)header] GET https://serviceusage.googleapis.com/v1/projects/crowd-care/services/firebasedatabase.googleapis.com x-goog-quota-user=projects/crowd-care
[debug] [2023-11-09T12:18:58.731Z] <<< [apiv2][status] GET https://serviceusage.googleapis.com/v1/projects/crowd-care/services/firebasedatabase.googleapis.com 200
[debug] [2023-11-09T12:18:58.734Z] <<< [apiv2][body] GET https://serviceusage.googleapis.com/v1/projects/crowd-care/services/firebasedatabase.googleapis.com [omitted]
[info] +  database: required API firebasedatabase.googleapis.com is enabled 
[info] 
[debug] [2023-11-09T12:18:58.737Z] >>> [apiv2][query] GET https://firebasedatabase.googleapis.com/v1beta/projects/crowd-care/locations/-/instances/crowd-care-default-rtdb [none]
[debug] [2023-11-09T12:19:01.774Z] <<< [apiv2][status] GET https://firebasedatabase.googleapis.com/v1beta/projects/crowd-care/locations/-/instances/crowd-care-default-rtdb 200
[debug] [2023-11-09T12:19:01.774Z] <<< [apiv2][body] GET https://firebasedatabase.googleapis.com/v1beta/projects/crowd-care/locations/-/instances/crowd-care-default-rtdb {"name":"projects/457828323552/locations/us-central1/instances/crowd-care-default-rtdb","project":"projects/457828323552","databaseUrl":"https://crowd-care-default-rtdb.firebaseio.com","type":"DEFAULT_DATABASE","state":"ACTIVE"}
[info] 
[info] Firebase Realtime Database Security Rules allow you to define how your data should be
[info] structured and when your data can be read from and written to.
[info] 
[debug] [2023-11-09T12:19:38.497Z] >>> [apiv2][query] GET https://crowd-care-default-rtdb.firebaseio.com/.settings/rules.json [none]
[debug] [2023-11-09T12:19:39.349Z] <<< [apiv2][status] GET https://crowd-care-default-rtdb.firebaseio.com/.settings/rules.json 200
[debug] [2023-11-09T12:19:39.350Z] <<< [apiv2][body] GET https://crowd-care-default-rtdb.firebaseio.com/.settings/rules.json [stream]
[info] +  Database Rules for crowd-care-default-rtdb have been written to database.rules.json. 
[info] Future modifications to database.rules.json will update Realtime Database Security Rules when you run
[info] firebase deploy.
[info] 
=== Firestore Setup
[debug] [2023-11-09T12:19:39.374Z] >>> [apiv2][query] GET https://serviceusage.googleapis.com/v1/projects/crowd-care/services/firestore.googleapis.com [none]
[debug] [2023-11-09T12:19:39.374Z] >>> [apiv2][(partial)header] GET https://serviceusage.googleapis.com/v1/projects/crowd-care/services/firestore.googleapis.com x-goog-quota-user=projects/crowd-care
[debug] [2023-11-09T12:19:40.764Z] <<< [apiv2][status] GET https://serviceusage.googleapis.com/v1/projects/crowd-care/services/firestore.googleapis.com 200
[debug] [2023-11-09T12:19:40.764Z] <<< [apiv2][body] GET https://serviceusage.googleapis.com/v1/projects/crowd-care/services/firestore.googleapis.com [omitted]
[debug] [2023-11-09T12:19:40.765Z] >>> [apiv2][query] GET https://firestore.googleapis.com/v1/projects/crowd-care/databases/(default) [none]
[debug] [2023-11-09T12:19:42.582Z] <<< [apiv2][status] GET https://firestore.googleapis.com/v1/projects/crowd-care/databases/(default) 200
[debug] [2023-11-09T12:19:42.583Z] <<< [apiv2][body] GET https://firestore.googleapis.com/v1/projects/crowd-care/databases/(default) {"name":"projects/crowd-care/databases/(default)","uid":"9169afad-3f81-4b8a-904f-3c4ac7ba075e","createTime":"2023-11-07T21:52:38.756597Z","updateTime":"2023-11-07T21:52:38.756597Z","locationId":"nam5","type":"FIRESTORE_NATIVE","concurrencyMode":"PESSIMISTIC","versionRetentionPeriod":"3600s","earliestVersionTime":"2023-11-09T11:19:44.697443Z","appEngineIntegrationMode":"DISABLED","keyPrefix":"s","pointInTimeRecoveryEnablement":"POINT_IN_TIME_RECOVERY_DISABLED","deleteProtectionState":"DELETE_PROTECTION_DISABLED","etag":"INbwy8DztoIDMJKS7KbwsoID"}
[debug] [2023-11-09T12:19:42.583Z] database_type: FIRESTORE_NATIVE
[debug] [2023-11-09T12:19:42.584Z] > command requires scopes: ["email","openid","https://www.googleapis.com/auth/cloudplatformprojects.readonly","https://www.googleapis.com/auth/firebase","https://www.googleapis.com/auth/cloud-platform"]
[debug] [2023-11-09T12:19:42.585Z] > authorizing via signed-in user (geethatcher@gmail.com)
[debug] [2023-11-09T12:19:42.585Z] [iam] checking project crowd-care for permissions ["firebase.projects.get"]
[debug] [2023-11-09T12:19:42.587Z] >>> [apiv2][query] POST https://cloudresourcemanager.googleapis.com/v1/projects/crowd-care:testIamPermissions [none]
[debug] [2023-11-09T12:19:42.588Z] >>> [apiv2][(partial)header] POST https://cloudresourcemanager.googleapis.com/v1/projects/crowd-care:testIamPermissions x-goog-quota-user=projects/crowd-care
[debug] [2023-11-09T12:19:42.588Z] >>> [apiv2][body] POST https://cloudresourcemanager.googleapis.com/v1/projects/crowd-care:testIamPermissions {"permissions":["firebase.projects.get"]}
[debug] [2023-11-09T12:19:43.616Z] <<< [apiv2][status] POST https://cloudresourcemanager.googleapis.com/v1/projects/crowd-care:testIamPermissions 200
[debug] [2023-11-09T12:19:43.616Z] <<< [apiv2][body] POST https://cloudresourcemanager.googleapis.com/v1/projects/crowd-care:testIamPermissions {"permissions":["firebase.projects.get"]}
[info] 
[info] Firestore Security Rules allow you to define how and when to allow
[info] requests. You can keep these rules in your project directory
[info] and publish them with firebase deploy.
[info] 
[debug] [2023-11-09T12:19:45.433Z] >>> [apiv2][query] GET https://firebaserules.googleapis.com/v1/projects/crowd-care/releases pageSize=10&pageToken=
[debug] [2023-11-09T12:19:47.306Z] <<< [apiv2][status] GET https://firebaserules.googleapis.com/v1/projects/crowd-care/releases 200
[debug] [2023-11-09T12:19:47.307Z] <<< [apiv2][body] GET https://firebaserules.googleapis.com/v1/projects/crowd-care/releases {"releases":[{"name":"projects/crowd-care/releases/cloud.firestore","rulesetName":"projects/crowd-care/rulesets/4a4891fe-361e-4ece-92d8-3a19f868a745","createTime":"2023-11-07T21:52:45.492299Z","updateTime":"2023-11-08T04:04:53.677628Z"},{"name":"projects/crowd-care/releases/firebase.storage/crowd-care.appspot.com","rulesetName":"projects/crowd-care/rulesets/d78a5327-5b02-4199-bc03-6a96be9ee868","createTime":"2023-11-07T23:24:49.318470Z","updateTime":"2023-11-07T23:24:49.318470Z"}]}
[debug] [2023-11-09T12:19:47.308Z] Found ruleset: projects/crowd-care/rulesets/4a4891fe-361e-4ece-92d8-3a19f868a745
[debug] [2023-11-09T12:19:47.309Z] >>> [apiv2][query] GET https://firebaserules.googleapis.com/v1/projects/crowd-care/rulesets/4a4891fe-361e-4ece-92d8-3a19f868a745 [none]
[debug] [2023-11-09T12:19:48.985Z] <<< [apiv2][status] GET https://firebaserules.googleapis.com/v1/projects/crowd-care/rulesets/4a4891fe-361e-4ece-92d8-3a19f868a745 200
[debug] [2023-11-09T12:19:48.986Z] <<< [apiv2][body] GET https://firebaserules.googleapis.com/v1/projects/crowd-care/rulesets/4a4891fe-361e-4ece-92d8-3a19f868a745 [omitted]
[info] 
[info] Firestore indexes allow you to perform complex queries while
[info] maintaining performance that scales with the size of the result
[info] set. You can keep index definitions in your project directory
[info] and publish them with firebase deploy.
[info] 
[debug] [2023-11-09T12:19:50.547Z] >>> [apiv2][query] GET https://firestore.googleapis.com/v1/projects/crowd-care/databases/(default)/collectionGroups/-/indexes [none]
[debug] [2023-11-09T12:19:50.552Z] >>> [apiv2][query] GET https://firestore.googleapis.com/v1/projects/crowd-care/databases/(default)/collectionGroups/-/fields?filter=indexConfig.usesAncestorConfig=false OR ttlConfig:* [none]
[debug] [2023-11-09T12:19:52.164Z] <<< [apiv2][status] GET https://firestore.googleapis.com/v1/projects/crowd-care/databases/(default)/collectionGroups/-/fields?filter=indexConfig.usesAncestorConfig=false OR ttlConfig:* 200
[debug] [2023-11-09T12:19:52.165Z] <<< [apiv2][body] GET https://firestore.googleapis.com/v1/projects/crowd-care/databases/(default)/collectionGroups/-/fields?filter=indexConfig.usesAncestorConfig=false OR ttlConfig:* {"fields":[{"name":"projects/crowd-care/databases/(default)/collectionGroups/__default__/fields/*","indexConfig":{"indexes":[{"queryScope":"COLLECTION","fields":[{"fieldPath":"*","order":"ASCENDING"}],"state":"READY"},{"queryScope":"COLLECTION","fields":[{"fieldPath":"*","order":"DESCENDING"}],"state":"READY"},{"queryScope":"COLLECTION","fields":[{"fieldPath":"*","arrayConfig":"CONTAINS"}],"state":"READY"}]}}]}
[debug] [2023-11-09T12:19:52.563Z] <<< [apiv2][status] GET https://firestore.googleapis.com/v1/projects/crowd-care/databases/(default)/collectionGroups/-/indexes 200
[debug] [2023-11-09T12:19:52.564Z] <<< [apiv2][body] GET https://firestore.googleapis.com/v1/projects/crowd-care/databases/(default)/collectionGroups/-/indexes {}
[info] 
=== Functions Setup
[debug] [2023-11-09T12:19:52.573Z] > command requires scopes: ["email","openid","https://www.googleapis.com/auth/cloudplatformprojects.readonly","https://www.googleapis.com/auth/firebase","https://www.googleapis.com/auth/cloud-platform"]
[debug] [2023-11-09T12:19:52.573Z] > authorizing via signed-in user (geethatcher@gmail.com)
[debug] [2023-11-09T12:19:52.574Z] [iam] checking project crowd-care for permissions ["firebase.projects.get"]
[debug] [2023-11-09T12:19:52.575Z] >>> [apiv2][query] POST https://cloudresourcemanager.googleapis.com/v1/projects/crowd-care:testIamPermissions [none]
[debug] [2023-11-09T12:19:52.576Z] >>> [apiv2][(partial)header] POST https://cloudresourcemanager.googleapis.com/v1/projects/crowd-care:testIamPermissions x-goog-quota-user=projects/crowd-care
[debug] [2023-11-09T12:19:52.576Z] >>> [apiv2][body] POST https://cloudresourcemanager.googleapis.com/v1/projects/crowd-care:testIamPermissions {"permissions":["firebase.projects.get"]}
[debug] [2023-11-09T12:19:54.029Z] <<< [apiv2][status] POST https://cloudresourcemanager.googleapis.com/v1/projects/crowd-care:testIamPermissions 200
[debug] [2023-11-09T12:19:54.030Z] <<< [apiv2][body] POST https://cloudresourcemanager.googleapis.com/v1/projects/crowd-care:testIamPermissions {"permissions":["firebase.projects.get"]}
[debug] [2023-11-09T12:19:54.035Z] >>> [apiv2][query] GET https://serviceusage.googleapis.com/v1/projects/crowd-care/services/cloudfunctions.googleapis.com [none]
[debug] [2023-11-09T12:19:54.035Z] >>> [apiv2][(partial)header] GET https://serviceusage.googleapis.com/v1/projects/crowd-care/services/cloudfunctions.googleapis.com x-goog-quota-user=projects/crowd-care
[debug] [2023-11-09T12:19:54.043Z] >>> [apiv2][query] GET https://serviceusage.googleapis.com/v1/projects/crowd-care/services/runtimeconfig.googleapis.com [none]
[debug] [2023-11-09T12:19:54.044Z] >>> [apiv2][(partial)header] GET https://serviceusage.googleapis.com/v1/projects/crowd-care/services/runtimeconfig.googleapis.com x-goog-quota-user=projects/crowd-care
[debug] [2023-11-09T12:19:55.493Z] <<< [apiv2][status] GET https://serviceusage.googleapis.com/v1/projects/crowd-care/services/cloudfunctions.googleapis.com 200
[debug] [2023-11-09T12:19:55.493Z] <<< [apiv2][body] GET https://serviceusage.googleapis.com/v1/projects/crowd-care/services/cloudfunctions.googleapis.com [omitted]
[debug] [2023-11-09T12:19:56.634Z] <<< [apiv2][status] GET https://serviceusage.googleapis.com/v1/projects/crowd-care/services/runtimeconfig.googleapis.com 200
[debug] [2023-11-09T12:19:56.635Z] <<< [apiv2][body] GET https://serviceusage.googleapis.com/v1/projects/crowd-care/services/runtimeconfig.googleapis.com [omitted]
[info] Let's create a new codebase for your functions.
[info] A directory corresponding to the codebase will be created in your project
[info] with sample code pre-configured.

[info] See https://firebase.google.com/docs/functions/organize-functions for
[info] more information on organizing your functions using codebases.

[info] Functions can be deployed with firebase deploy.

[info] +  Wrote functions/package.json 
[info] +  Wrote functions/.eslintrc.js 
[info] +  Wrote functions/index.js 
[info] +  Wrote functions/.gitignore 
[info] 
=== Hosting Setup
[debug] [2023-11-09T12:23:47.932Z] SyntaxError: Unexpected end of JSON input
    at JSON.parse (<anonymous>)
    at findDependency (C:\Users\ADMIN\AppData\Roaming\npm\node_modules\firebase-tools\lib\frameworks\utils.js:187:23)
    at discover (C:\Users\ADMIN\AppData\Roaming\npm\node_modules\firebase-tools\lib\frameworks\vite\index.js:48:61)
    at async C:\Users\ADMIN\AppData\Roaming\npm\node_modules\firebase-tools\lib\frameworks\vite\index.js:36:55
    at async discover (C:\Users\ADMIN\AppData\Roaming\npm\node_modules\firebase-tools\lib\frameworks\index.js:46:32)
    at async doSetup (C:\Users\ADMIN\AppData\Roaming\npm\node_modules\firebase-tools\lib\init\features\hosting\index.js:22:11)
    at async init (C:\Users\ADMIN\AppData\Roaming\npm\node_modules\firebase-tools\lib\init\index.js:41:9)
[error] 
[error] Error: An unexpected error has occurred.
